<?xml version="1.0" encoding="UTF-8"?>
<!-- Generated by org.testng.reporters.JUnitXMLReporter -->
<testsuite ignored="0" hostname="APPLEs-MacBook-Air.local" failures="4" tests="4" name="Default test" time="1.25" errors="0" timestamp="2022-04-11T16:38:35 IST">
  <testcase classname="runnerClass.TestRunner" name="@AfterClass tearDownClass" time="0.871">
    <failure type="java.lang.NullPointerException" message="Cannot invoke &amp;quot;org.openqa.selenium.WebDriver.quit()&amp;quot; because &amp;quot;stepDefinition.StepDefinition.driver&amp;quot; is null">
      <![CDATA[java.lang.NullPointerException: Cannot invoke "org.openqa.selenium.WebDriver.quit()" because "stepDefinition.StepDefinition.driver" is null
at stepDefinition.StepDefinition.teardown(StepDefinition.java:111)
]]>
    </failure>
  </testcase> <!-- @AfterClass tearDownClass -->
  <testcase classname="runnerClass.TestRunner" name="scenario" time="0.069">
    <failure type="java.lang.NullPointerException" message="Cannot invoke &amp;quot;org.openqa.selenium.WebDriver.getCurrentUrl()&amp;quot; because &amp;quot;stepDefinition.StepDefinition.driver&amp;quot; is null">
      <![CDATA[java.lang.NullPointerException: Cannot invoke "org.openqa.selenium.WebDriver.getCurrentUrl()" because "stepDefinition.StepDefinition.driver" is null
at stepDefinition.StepDefinition.user_is_on_the_desired_webpage_in_the_browser(StepDefinition.java:29)
at ✽.user is on the desired webpage="https://www.w3schools.com/" in the browser(file:///Users/apple/eclipse-workspace/Accessibility_Automation/src/test/java/features/ColorContrast_Feature.feature:5)
]]>
    </failure>
  </testcase> <!-- scenario -->
  <testcase classname="runnerClass.TestRunner" name="scenario" time="0.006">
    <failure type="java.lang.NullPointerException" message="Cannot invoke &amp;quot;org.openqa.selenium.WebDriver.getCurrentUrl()&amp;quot; because &amp;quot;stepDefinition.StepDefinition.driver&amp;quot; is null">
      <![CDATA[java.lang.NullPointerException: Cannot invoke "org.openqa.selenium.WebDriver.getCurrentUrl()" because "stepDefinition.StepDefinition.driver" is null
at stepDefinition.StepDefinition.user_is_on_the_desired_webpage_in_the_browser(StepDefinition.java:29)
at ✽.user is on the desired webpage="https://www.w3schools.com/" in the browser(file:///Users/apple/eclipse-workspace/Accessibility_Automation/src/test/java/features/ColorContrast_Feature.feature:5)
]]>
    </failure>
  </testcase> <!-- scenario -->
  <testcase classname="runnerClass.TestRunner" name="scenario" time="0.006">
    <failure type="java.lang.NullPointerException" message="Cannot invoke &amp;quot;org.openqa.selenium.WebDriver.getCurrentUrl()&amp;quot; because &amp;quot;stepDefinition.StepDefinition.driver&amp;quot; is null">
      <![CDATA[java.lang.NullPointerException: Cannot invoke "org.openqa.selenium.WebDriver.getCurrentUrl()" because "stepDefinition.StepDefinition.driver" is null
at stepDefinition.StepDefinition.user_is_on_the_desired_webpage_in_the_browser(StepDefinition.java:29)
at ✽.user is on the desired webpage="https://www.w3schools.com/" in the browser(file:///Users/apple/eclipse-workspace/Accessibility_Automation/src/test/java/features/LinkOrButtonText_Feature.feature:5)
]]>
    </failure>
  </testcase> <!-- scenario -->
  <testcase classname="runnerClass.TestRunner" name="scenario" time="0.004">
    <failure type="java.lang.NullPointerException" message="Cannot invoke &amp;quot;org.openqa.selenium.WebDriver.getCurrentUrl()&amp;quot; because &amp;quot;stepDefinition.StepDefinition.driver&amp;quot; is null">
      <![CDATA[java.lang.NullPointerException: Cannot invoke "org.openqa.selenium.WebDriver.getCurrentUrl()" because "stepDefinition.StepDefinition.driver" is null
at stepDefinition.StepDefinition.user_is_on_the_desired_webpage_in_the_browser(StepDefinition.java:29)
at ✽.user is on the desired webpage="https://www.w3schools.com/" in the browser(file:///Users/apple/eclipse-workspace/Accessibility_Automation/src/test/java/features/LinkOrButtonText_Feature.feature:5)
]]>
    </failure>
  </testcase> <!-- scenario -->
</testsuite> <!-- Default test -->
