<?xml version="1.0" encoding="UTF-8"?>
<!-- Generated by org.testng.reporters.JUnitXMLReporter -->
<testsuite ignored="0" hostname="APPLEs-MacBook-Air.local" failures="1" tests="2" name="Default test" time="28.076" errors="0" timestamp="2022-04-02T12:17:07 IST">
  <testcase classname="runnerClass.TestRunner" name="scenario" time="11.928">
    <failure type="java.lang.AssertionError" message="expected [true] but found [false]">
      <![CDATA[java.lang.AssertionError: expected [true] but found [false]
at org.testng.Assert.fail(Assert.java:99)
at org.testng.Assert.failNotEquals(Assert.java:1037)
at org.testng.Assert.assertEqualsImpl(Assert.java:140)
at org.testng.Assert.assertEquals(Assert.java:122)
at org.testng.Assert.assertEquals(Assert.java:819)
at org.testng.Assert.assertEquals(Assert.java:829)
at stepDefinition.StepDefinition.check_if_the_given_element_having_proper_colorcontrast_or_not(StepDefinition.java:79)
at ✽.check if the WebElement is having proper colorcontrast ratio="XPATH://*[@id='w3loginbtn']"(file:///Users/apple/eclipse-workspace/Accessibility_Automation/src/test/java/features/ColorContrast_Feature.feature:6)
]]>
    </failure>
  </testcase> <!-- scenario -->
  <testcase classname="runnerClass.TestRunner" name="scenario" time="13.875"/>
</testsuite> <!-- Default test -->
