<?xml version="1.0" encoding="UTF-8"?>
<!-- Generated by org.testng.reporters.JUnitXMLReporter -->
<testsuite ignored="0" hostname="APPLEs-MacBook-Air.local" failures="1" tests="4" name="Test" time="17.961" errors="0" timestamp="11 Apr 2022 12:13:47 GMT">
  <testcase classname="runnerClass.TestRunner" name="scenario" time="4.837">
    <failure type="java.lang.AssertionError" message="expected [true] but found [false]">
      <![CDATA[java.lang.AssertionError: expected [true] but found [false]
at stepDefinition.StepDefinition.check_if_the_given_element_having_proper_colorcontrast_or_not(StepDefinition.java:86)
at ✽.check if the WebElement is having proper colorcontrast ratio="XPATH://*[@id='w3loginbtn']"(file:///Users/apple/Documents/GitHub/Accessibility-Automation/src/test/java/features/ColorContrast_Feature.feature:6)
... Removed 6 stack frames]]>
    </failure>
  </testcase> <!-- scenario -->
  <testcase classname="runnerClass.TestRunner" name="scenario" time="2.496"/>
  <testcase classname="runnerClass.TestRunner" name="scenario" time="0.209"/>
  <testcase classname="runnerClass.TestRunner" name="scenario" time="0.137"/>
</testsuite> <!-- Test -->
