<?xml version="1.0" encoding="UTF-8"?>
<!-- Generated by org.testng.reporters.JUnitXMLReporter -->
<testsuite ignored="0" hostname="APPLEs-MacBook-Air.local" failures="1" tests="4" name="Test" time="15.649" errors="0" timestamp="06 Apr 2022 13:01:12 GMT">
  <testcase classname="runnerClass.TestRunner" name="scenario" time="5.085">
    <failure type="java.lang.AssertionError" message="expected [true] but found [false]">
      <![CDATA[java.lang.AssertionError: expected [true] but found [false]
at stepDefinition.StepDefinition.check_if_the_given_element_having_proper_colorcontrast_or_not(StepDefinition.java:85)
at ✽.check if the WebElement is having proper colorcontrast ratio="XPATH://*[@id='w3loginbtn']"(file:///Users/apple/eclipse-workspace/Accessibility_Automation/src/test/java/features/ColorContrast_Feature.feature:6)
... Removed 6 stack frames]]>
    </failure>
  </testcase> <!-- scenario -->
  <testcase classname="runnerClass.TestRunner" name="scenario" time="2.554"/>
  <testcase classname="runnerClass.TestRunner" name="scenario" time="0.188"/>
  <testcase classname="runnerClass.TestRunner" name="scenario" time="0.182"/>
</testsuite> <!-- Test -->
