-------------------------------------------------------------------------------
Test set: runnerClass.TestRunner
-------------------------------------------------------------------------------
Tests run: 2, Failures: 1, Errors: 0, Skipped: 0, Time elapsed: 21.224 s <<< FAILURE! - in runnerClass.TestRunner
scenario(runnerClass.TestRunner)  Time elapsed: 10.949 s  <<< FAILURE!
java.lang.AssertionError: expected [true] but found [false]

