<?xml version="1.0" encoding="UTF-8"?>
<testsuite xmlns:xsi="http://www.w3.org/2001/XMLSchema-instance" xsi:noNamespaceSchemaLocation="https://maven.apache.org/surefire/maven-surefire-plugin/xsd/surefire-test-report.xsd" name="runnerClass.TestRunner" time="21.224" tests="2" errors="0" skipped="0" failures="1">
  <properties>
[...]
</properties>
  <testcase name="scenario" classname="runnerClass.TestRunner" time="10.949">
    <failure message="expected [true] but found [false]" type="java.lang.AssertionError">java.lang.AssertionError: expected [true] but found [false]
</failure>
    <system-out><![CDATA[
@Colorcontrast
Scenario Outline: Validate that the given WebElement having proper colorcontrast ratio            # src/test/java/features/ColorContrast_Feature.feature:10
  Given user is on the desired webpage="https://www.w3schools.com/" in the browser="Chrome"       # stepDefinition.StepDefinition.user_on_the_desired_Webpage_in_Browser(java.lang.String,java.lang.String)
ForeGround color Hexacode #ffffff
BackGround color Hexacode #04aa6d
Color Contrast Ratio is Ratio:
3.01
#dc483b
The Element is not having proper ColorContrast ratio
  Then check if the WebElement is having proper colorcontrast ratio="XPATH://*[@id='w3loginbtn']" # stepDefinition.StepDefinition.check_if_the_given_element_having_proper_colorcontrast_or_not(java.lang.String)
      java.lang.AssertionError: expected [true] but found [false]
	at org.testng.Assert.fail(Assert.java:96)
	at org.testng.Assert.failNotEquals(Assert.java:776)
	at org.testng.Assert.assertEqualsImpl(Assert.java:137)
	at org.testng.Assert.assertEquals(Assert.java:118)
	at org.testng.Assert.assertEquals(Assert.java:568)
	at org.testng.Assert.assertEquals(Assert.java:578)
	at stepDefinition.StepDefinition.check_if_the_given_element_having_proper_colorcontrast_or_not(StepDefinition.java:73)
	at ✽.check if the WebElement is having proper colorcontrast ratio="XPATH://*[@id='w3loginbtn']"(file:///Users/apple/eclipse-workspace/Accessibility_Automation/src/test/java/features/ColorContrast_Feature.feature:6)


    Embedding Validate_that_the_given_WebElement_having_proper_colorcontrast_ratio [image/png 291090 bytes]

]]></system-out>
    <system-err><![CDATA[SLF4J: Failed to load class "org.slf4j.impl.StaticLoggerBinder".
SLF4J: Defaulting to no-operation (NOP) logger implementation
SLF4J: See http://www.slf4j.org/codes.html#StaticLoggerBinder for further details.
Starting ChromeDriver 100.0.4896.60 (6a5d10861ce8de5fce22564658033b43cb7de047-refs/branch-heads/4896@{#875}) on port 35735
Only local connections are allowed.
Please see https://chromedriver.chromium.org/security-considerations for suggestions on keeping ChromeDriver safe.
ChromeDriver was started successfully.
Apr 04, 2022 1:56:49 PM org.openqa.selenium.remote.ProtocolHandshake createSession
INFO: Detected dialect: W3C
]]></system-err>
  </testcase>
  <testcase name="scenario" classname="runnerClass.TestRunner" time="7.377"/>
</testsuite>