<?xml version="1.0" encoding="UTF-8"?>
<testng-results ignored="0" total="2" passed="1" failed="1" skipped="0">
  <reporter-output>
  </reporter-output>
  <suite started-at="2022-04-04T08:26:42Z" name="Surefire suite" finished-at="2022-04-04T08:27:03Z" duration-ms="20941">
    <groups>
      <group name="cucumber">
        <method signature="TestRunner.scenario(io.cucumber.testng.PickleWrapper, io.cucumber.testng.FeatureWrapper)[pri:0, instance:runnerClass.TestRunner@22eeefeb]" name="scenario" class="runnerClass.TestRunner"/>
      </group> <!-- cucumber -->
    </groups>
    <test started-at="2022-04-04T08:26:42Z" name="Surefire test" finished-at="2022-04-04T08:27:03Z" duration-ms="20941">
      <class name="runnerClass.TestRunner">
        <test-method is-config="true" signature="setUpClass()[pri:0, instance:runnerClass.TestRunner@22eeefeb]" started-at="2022-04-04T08:26:42Z" name="setUpClass" finished-at="2022-04-04T08:26:43Z" duration-ms="484" status="PASS">
          <reporter-output>
          </reporter-output>
        </test-method> <!-- setUpClass -->
        <test-method signature="scenario(io.cucumber.testng.PickleWrapper, io.cucumber.testng.FeatureWrapper)[pri:0, instance:runnerClass.TestRunner@22eeefeb]" started-at="2022-04-04T08:26:43Z" name="scenario" description="Runs Cucumber Scenarios" data-provider="scenarios" finished-at="2022-04-04T08:26:54Z" duration-ms="10946" status="FAIL">
          <params>
            <param index="0">
              <value>
                <![CDATA["Validate that the given WebElement having proper colorcontrast ratio"]]>
              </value>
            </param>
            <param index="1">
              <value>
                <![CDATA["Optional[Accessibility Testing for ColorContrast]"]]>
              </value>
            </param>
          </params>
          <exception class="java.lang.AssertionError">
            <message>
              <![CDATA[expected [true] but found [false]]]>
            </message>
            <full-stacktrace>
              <![CDATA[java.lang.AssertionError: expected [true] but found [false]
at org.testng.Assert.fail(Assert.java:96)
at org.testng.Assert.failNotEquals(Assert.java:776)
at org.testng.Assert.assertEqualsImpl(Assert.java:137)
at org.testng.Assert.assertEquals(Assert.java:118)
at org.testng.Assert.assertEquals(Assert.java:568)
at org.testng.Assert.assertEquals(Assert.java:578)
at stepDefinition.StepDefinition.check_if_the_given_element_having_proper_colorcontrast_or_not(StepDefinition.java:73)
at ✽.check if the WebElement is having proper colorcontrast ratio="XPATH://*[@id='w3loginbtn']"(file:///Users/apple/eclipse-workspace/Accessibility_Automation/src/test/java/features/ColorContrast_Feature.feature:6)
]]>
            </full-stacktrace>
          </exception> <!-- java.lang.AssertionError -->
          <reporter-output>
          </reporter-output>
        </test-method> <!-- scenario -->
        <test-method signature="scenario(io.cucumber.testng.PickleWrapper, io.cucumber.testng.FeatureWrapper)[pri:0, instance:runnerClass.TestRunner@22eeefeb]" started-at="2022-04-04T08:26:54Z" name="scenario" description="Runs Cucumber Scenarios" data-provider="scenarios" finished-at="2022-04-04T08:27:01Z" duration-ms="7377" status="PASS">
          <params>
            <param index="0">
              <value>
                <![CDATA["Validate that the given WebElement having proper colorcontrast ratio"]]>
              </value>
            </param>
            <param index="1">
              <value>
                <![CDATA["Optional[Accessibility Testing for ColorContrast]"]]>
              </value>
            </param>
          </params>
          <reporter-output>
          </reporter-output>
        </test-method> <!-- scenario -->
        <test-method is-config="true" signature="tearDownClass()[pri:0, instance:runnerClass.TestRunner@22eeefeb]" started-at="2022-04-04T08:27:01Z" name="tearDownClass" finished-at="2022-04-04T08:27:03Z" duration-ms="2122" status="PASS">
          <reporter-output>
          </reporter-output>
        </test-method> <!-- tearDownClass -->
      </class> <!-- runnerClass.TestRunner -->
    </test> <!-- Surefire test -->
  </suite> <!-- Surefire suite -->
</testng-results>
