<?xml version="1.0" encoding="UTF-8"?>
<!-- Generated by org.testng.reporters.JUnitReportReporter -->
<testsuite hostname="APPLEs-MacBook-Air.local" failures="1" tests="4" name="runnerClass.TestRunner" time="7.692" errors="0" timestamp="2022-04-11T16:39:01 IST" skipped="0">
  <testcase classname="runnerClass.TestRunner" name="scenario" time="4.775">
    <failure message="expected [true] but found [false]" type="java.lang.AssertionError">
      <![CDATA[java.lang.AssertionError: expected [true] but found [false]
at org.testng.Assert.fail(Assert.java:99)
at org.testng.Assert.failNotEquals(Assert.java:1037)
at org.testng.Assert.assertEqualsImpl(Assert.java:140)
at org.testng.Assert.assertEquals(Assert.java:122)
at org.testng.Assert.assertEquals(Assert.java:819)
at org.testng.Assert.assertEquals(Assert.java:829)
at stepDefinition.StepDefinition.check_if_the_given_element_having_proper_colorcontrast_or_not(StepDefinition.java:85)
at ✽.check if the WebElement is having proper colorcontrast ratio="XPATH://*[@id='w3loginbtn']"(file:///Users/apple/eclipse-workspace/Accessibility_Automation/src/test/java/features/ColorContrast_Feature.feature:6)
]]>
    </failure>
  </testcase> <!-- scenario -->
  <system-out/>
  <testcase classname="runnerClass.TestRunner" name="scenario" time="0.195"/>
  <system-out/>
  <testcase classname="runnerClass.TestRunner" name="scenario" time="2.499"/>
  <system-out/>
  <testcase classname="runnerClass.TestRunner" name="scenario" time="0.223"/>
  <system-out/>
</testsuite> <!-- runnerClass.TestRunner -->
