<?xml version="1.0" encoding="UTF-8"?>
<!-- Generated by org.testng.reporters.JUnitReportReporter -->
<testsuite hostname="APPLEs-MacBook-Air.local" failures="1" tests="2" name="runnerClass.TestRunner" time="18.323" errors="0" timestamp="04 Apr 2022 08:27:03 GMT" skipped="0">
  <testcase classname="runnerClass.TestRunner" name="scenario" time="7.377"/>
  <testcase classname="runnerClass.TestRunner" name="scenario" time="10.946">
    <failure message="expected [true] but found [false]" type="java.lang.AssertionError">
      <![CDATA[java.lang.AssertionError: expected [true] but found [false]
at org.testng.Assert.fail(Assert.java:96)
at org.testng.Assert.failNotEquals(Assert.java:776)
at org.testng.Assert.assertEqualsImpl(Assert.java:137)
at org.testng.Assert.assertEquals(Assert.java:118)
at org.testng.Assert.assertEquals(Assert.java:568)
at org.testng.Assert.assertEquals(Assert.java:578)
at stepDefinition.StepDefinition.check_if_the_given_element_having_proper_colorcontrast_or_not(StepDefinition.java:73)
at ✽.check if the WebElement is having proper colorcontrast ratio="XPATH://*[@id='w3loginbtn']"(file:///Users/apple/eclipse-workspace/Accessibility_Automation/src/test/java/features/ColorContrast_Feature.feature:6)
]]>
    </failure>
  </testcase> <!-- scenario -->
</testsuite> <!-- runnerClass.TestRunner -->
