<?xml version="1.0" encoding="UTF-8"?>
<!-- Generated by org.testng.reporters.JUnitReportReporter -->
<testsuite hostname="APPLEs-MacBook-Air.local" failures="1" tests="4" name="runnerClass.TestRunner" time="7.679" errors="0" timestamp="11 Apr 2022 12:13:47 GMT" skipped="0">
  <testcase classname="runnerClass.TestRunner" name="scenario" time="0.137"/>
  <testcase classname="runnerClass.TestRunner" name="scenario" time="0.209"/>
  <testcase classname="runnerClass.TestRunner" name="scenario" time="4.837">
    <failure message="expected [true] but found [false]" type="java.lang.AssertionError">
      <![CDATA[java.lang.AssertionError: expected [true] but found [false]
at org.testng.Assert.fail(Assert.java:96)
at org.testng.Assert.failNotEquals(Assert.java:776)
at org.testng.Assert.assertEqualsImpl(Assert.java:137)
at org.testng.Assert.assertEquals(Assert.java:118)
at org.testng.Assert.assertEquals(Assert.java:568)
at org.testng.Assert.assertEquals(Assert.java:578)
at stepDefinition.StepDefinition.check_if_the_given_element_having_proper_colorcontrast_or_not(StepDefinition.java:86)
at ✽.check if the WebElement is having proper colorcontrast ratio="XPATH://*[@id='w3loginbtn']"(file:///Users/apple/Documents/GitHub/Accessibility-Automation/src/test/java/features/ColorContrast_Feature.feature:6)
]]>
    </failure>
  </testcase> <!-- scenario -->
  <testcase classname="runnerClass.TestRunner" name="scenario" time="2.496"/>
</testsuite> <!-- runnerClass.TestRunner -->
